<?xml version="1.0" encoding="UTF-8"?>
<!-- Generated by org.testng.reporters.JUnitReportReporter -->
<testsuite hostname="DESKTOP-RBEDB73" failures="0" tests="1" name="com.OrangeHRM.TestCases.OrgangeHRM" time="7.638" errors="0" timestamp="17 Nov 2023 04:13:19 GMT" skipped="0">
  <testcase classname="com.OrangeHRM.TestCases.OrgangeHRM" name="loginHRM" time="7.638"/>
</testsuite> <!-- com.OrangeHRM.TestCases.OrgangeHRM -->
