<?xml version="1.0" encoding="UTF-8"?>
<!-- Generated by org.testng.reporters.JUnitReportReporter -->
<testsuite skipped="0" hostname="DESKTOP-1PH10D8" name="com.OrangeHRM.TestCases.OrgangeHRM" tests="1" failures="0" timestamp="25 May 2021 04:14:14 GMT" time="22.398" errors="0">
  <testcase name="loginHRM" time="22.398" classname="com.OrangeHRM.TestCases.OrgangeHRM"/>
</testsuite> <!-- com.OrangeHRM.TestCases.OrgangeHRM -->
