<?xml version="1.0" encoding="UTF-8"?>
<!-- Generated by org.testng.reporters.JUnitReportReporter -->
<testsuite hostname="DESKTOP-RBEDB73" failures="0" tests="2" name="com.OrangeHRM.TestCases.OrgangeHRM" time="14.689" errors="0" timestamp="01 Jun 2024 10:07:28 GMT" skipped="0">
  <testcase classname="com.OrangeHRM.TestCases.OrgangeHRM" name="loginHRM" time="8.233"/>
  <testcase classname="com.OrangeHRM.TestCases.OrgangeHRM" name="loginHRM" time="6.456"/>
</testsuite> <!-- com.OrangeHRM.TestCases.OrgangeHRM -->
