<?xml version="1.0" encoding="UTF-8"?>
<!-- Generated by org.testng.reporters.JUnitReportReporter -->
<testsuite hostname="DESKTOP-RBEDB73" failures="0" tests="1" name="com.OrangeHRM.TestCases.OrgangeHRM" time="8.477" errors="0" timestamp="15 Dec 2023 02:57:27 GMT" skipped="0">
  <testcase classname="com.OrangeHRM.TestCases.OrgangeHRM" name="loginHRM" time="8.477"/>
</testsuite> <!-- com.OrangeHRM.TestCases.OrgangeHRM -->
