<?xml version="1.0" encoding="UTF-8"?>
<!-- Generated by org.testng.reporters.JUnitReportReporter -->
<testsuite hostname="DESKTOP-RBEDB73" failures="0" tests="1" name="com.OrangeHRM.TestCases.OrgangeHRM" time="6.253" errors="0" timestamp="07 May 2023 14:34:38 GMT" skipped="0">
  <testcase classname="com.OrangeHRM.TestCases.OrgangeHRM" name="loginHRM" time="6.253"/>
</testsuite> <!-- com.OrangeHRM.TestCases.OrgangeHRM -->
