<?xml version="1.0" encoding="UTF-8"?>
<!-- Generated by org.testng.reporters.JUnitReportReporter -->
<testsuite hostname="DESKTOP-RBEDB73" failures="0" tests="1" name="com.OrangeHRM.TestCases.OrgangeHRM" time="6.604" errors="0" timestamp="07 Nov 2023 04:15:06 GMT" skipped="0">
  <testcase classname="com.OrangeHRM.TestCases.OrgangeHRM" name="loginHRM" time="6.604"/>
</testsuite> <!-- com.OrangeHRM.TestCases.OrgangeHRM -->
