<?xml version="1.0" encoding="UTF-8"?>
<!-- Generated by org.testng.reporters.JUnitReportReporter -->
<testsuite hostname="DESKTOP-RBEDB73" failures="0" tests="1" name="com.OrangeHRM.TestCases.OrgangeHRM" time="4.794" errors="0" timestamp="04 Feb 2024 09:20:21 GMT" skipped="0">
  <testcase classname="com.OrangeHRM.TestCases.OrgangeHRM" name="loginHRM" time="4.794"/>
</testsuite> <!-- com.OrangeHRM.TestCases.OrgangeHRM -->
