<?xml version="1.0" encoding="UTF-8"?>
<!-- Generated by org.testng.reporters.JUnitReportReporter -->
<testsuite skipped="0" hostname="DESKTOP-1PH10D8" name="com.OrangeHRM.TestCases.OrgangeHRM" tests="1" failures="0" timestamp="01 Jun 2022 09:23:33 GMT" time="13.624" errors="0">
  <testcase name="loginHRM" time="13.624" classname="com.OrangeHRM.TestCases.OrgangeHRM"/>
</testsuite> <!-- com.OrangeHRM.TestCases.OrgangeHRM -->
